This is pdfTeX, Version 3.1415926-1.40.11 (MiKTeX 2.9 64-bit) (preloaded format=pdflatex 2011.6.28)  4 OCT 2011 11:21
entering extended mode
**C:/Users/JeeHyun/Desktop/Working*Papers/ICPE/icpe-2012-revision2/ICPE*2012.te
x

("C:/Users/JeeHyun/Desktop/Working Papers/ICPE/icpe-2012-revision2/ICPE 2012.te
x"
LaTeX2e <2009/09/24>
Babel <v3.8l> and hyphenation patterns for english, afrikaans, ancientgreek, ar
abic, armenian, assamese, basque, bengali, bokmal, bulgarian, catalan, coptic, 
croatian, czech, danish, dutch, esperanto, estonian, farsi, finnish, french, ga
lician, german, german-x-2009-06-19, greek, gujarati, hindi, hungarian, iceland
ic, indonesian, interlingua, irish, italian, kannada, kurmanji, lao, latin, lat
vian, lithuanian, malayalam, marathi, mongolian, mongolianlmc, monogreek, ngerm
an, ngerman-x-2009-06-19, nynorsk, oriya, panjabi, pinyin, polish, portuguese, 
romanian, russian, sanskrit, serbian, slovak, slovenian, spanish, swedish, swis
sgerman, tamil, telugu, turkish, turkmen, ukenglish, ukrainian, uppersorbian, u
senglishmax, welsh, loaded.

("C:\Users\JeeHyun\Desktop\Working Papers\ICPE\icpe-2012-revision2\acm_proc_art
icle-sp.cls" ("C:\Program Files\MiKTeX 2.9\tex\latex\graphics\epsfig.sty"
Package: epsfig 1999/02/16 v1.7a (e)psfig emulation (SPQR)

("C:\Program Files\MiKTeX 2.9\tex\latex\graphics\graphicx.sty"
Package: graphicx 1999/02/16 v1.0f Enhanced LaTeX Graphics (DPC,SPQR)

("C:\Program Files\MiKTeX 2.9\tex\latex\graphics\keyval.sty"
Package: keyval 1999/03/16 v1.13 key=value parser (DPC)
\KV@toks@=\toks14
)
("C:\Program Files\MiKTeX 2.9\tex\latex\graphics\graphics.sty"
Package: graphics 2009/02/05 v1.0o Standard LaTeX Graphics (DPC,SPQR)

("C:\Program Files\MiKTeX 2.9\tex\latex\graphics\trig.sty"
Package: trig 1999/03/16 v1.09 sin cos tan (DPC)
)
("C:\Program Files\MiKTeX 2.9\tex\latex\00miktex\graphics.cfg"
File: graphics.cfg 2007/01/18 v1.5 graphics configuration of teTeX/TeXLive
)
Package graphics Info: Driver file: pdftex.def on input line 91.

("C:\Program Files\MiKTeX 2.9\tex\latex\pdftex-def\pdftex.def"
File: pdftex.def 2011/01/28 v0.05d Graphics/color for pdfTeX
\Gread@gobject=\count79
))
\Gin@req@height=\dimen102
\Gin@req@width=\dimen103
)
\epsfxsize=\dimen104
\epsfysize=\dimen105
)
("C:\Program Files\MiKTeX 2.9\tex\latex\amsfonts\amssymb.sty"
Package: amssymb 2009/06/22 v3.00

("C:\Program Files\MiKTeX 2.9\tex\latex\amsfonts\amsfonts.sty"
Package: amsfonts 2009/06/22 v3.00 Basic AMSFonts support
\@emptytoks=\toks15
\symAMSa=\mathgroup4
\symAMSb=\mathgroup5
LaTeX Font Info:    Overwriting math alphabet `\mathfrak' in version `bold'
(Font)                  U/euf/m/n --> U/euf/b/n on input line 96.
))
("C:\Program Files\MiKTeX 2.9\tex\latex\ams\math\amsmath.sty"
Package: amsmath 2000/07/18 v2.13 AMS math features
\@mathmargin=\skip41

For additional information on amsmath, use the `?' option.
("C:\Program Files\MiKTeX 2.9\tex\latex\ams\math\amstext.sty"
Package: amstext 2000/06/29 v2.01

("C:\Program Files\MiKTeX 2.9\tex\latex\ams\math\amsgen.sty"
File: amsgen.sty 1999/11/30 v2.0
\@emptytoks=\toks16
\ex@=\dimen106
))
("C:\Program Files\MiKTeX 2.9\tex\latex\ams\math\amsbsy.sty"
Package: amsbsy 1999/11/29 v1.2d
\pmbraise@=\dimen107
)
("C:\Program Files\MiKTeX 2.9\tex\latex\ams\math\amsopn.sty"
Package: amsopn 1999/12/14 v2.01 operator names
)
\inf@bad=\count80
LaTeX Info: Redefining \frac on input line 211.
\uproot@=\count81
\leftroot@=\count82
LaTeX Info: Redefining \overline on input line 307.
\classnum@=\count83
\DOTSCASE@=\count84
LaTeX Info: Redefining \ldots on input line 379.
LaTeX Info: Redefining \dots on input line 382.
LaTeX Info: Redefining \cdots on input line 467.
\Mathstrutbox@=\box26
\strutbox@=\box27
\big@size=\dimen108
LaTeX Font Info:    Redeclaring font encoding OML on input line 567.
LaTeX Font Info:    Redeclaring font encoding OMS on input line 568.
\macc@depth=\count85
\c@MaxMatrixCols=\count86
\dotsspace@=\muskip10
\c@parentequation=\count87
\dspbrk@lvl=\count88
\tag@help=\toks17
\row@=\count89
\column@=\count90
\maxfields@=\count91
\andhelp@=\toks18
\eqnshift@=\dimen109
\alignsep@=\dimen110
\tagshift@=\dimen111
\tagwidth@=\dimen112
\totwidth@=\dimen113
\lineht@=\dimen114
\@envbody=\toks19
\multlinegap=\skip42
\multlinetaggap=\skip43
\mathdisplay@stack=\toks20
LaTeX Info: Redefining \[ on input line 2666.
LaTeX Info: Redefining \] on input line 2667.
)
Document Class 'acm_proc_article-sp' <22nd. April '09>. Modified by G.K.M. Tobi
n
Based in part upon document Style `acmconf' <22 May 89>. Hacked 4/91 by
shivers@cs.cmu.edu, 4/93 by theobald@cs.mcgill.ca
Excerpts were taken from (Journal Style) 'esub2acm.cls'.
****** Bugs/comments/suggestions to Gerry Murray -- murray@hq.acm.org ******
\footheight=\dimen115
\@maxsep=\dimen116
\@dblmaxsep=\dimen117
\aucount=\count92
\originalaucount=\count93
\auwidth=\dimen118
\auskip=\dimen119
\auskipcount=\count94
\auskip=\dimen120
\allauboxes=\dimen121
\addauthors=\toks21
\addauflag=\count95
\subtitletext=\toks22
\savesection=\count96
\sectioncntr=\count97
\c@figure=\count98
\c@table=\count99
\titleboxnotes=\toks23
\titleboxnoteflag=\count100
Document Class: acm_proc_article-sp 2009/04/22 - V3.2SP - based on esub2acm.sty
 <23 April 96>
("C:\Program Files\MiKTeX 2.9\tex\latex\base\latexsym.sty"
Package: latexsym 1998/08/17 v2.2e Standard LaTeX package (lasy symbols)
\symlasy=\mathgroup6
LaTeX Font Info:    Overwriting symbol font `lasy' in version `bold'
(Font)                  U/lasy/m/n --> U/lasy/b/n on input line 47.
)
\@acmtitlebox=\box28
\titlenotecount=\count101
\tntoks=\toks24
\tntokstwo=\toks25
\tntoksthree=\toks26
\tntoksfour=\toks27
\tntoksfive=\toks28
\catcount=\count102
\copyrightnotice=\toks29
\conf=\toks30
\confinfo=\toks31
\c@part=\count103
\c@section=\count104
\c@subsection=\count105
\c@subsubsection=\count106
\c@paragraph=\count107

Using 'Abbrev' bibliography style
LaTeX Info: Redefining \cite on input line 1236.
\bibindent=\dimen122
\colcntr=\count108
\saveb@x=\box29
\copyrtyr=\toks32
\acmcopyr=\toks33
\boilerplate=\toks34
\copyrightetc=\toks35
("C:\Program Files\MiKTeX 2.9\tex\latex\base\fontenc.sty"
Package: fontenc 2005/09/27 v1.99g Standard LaTeX package

("C:\Program Files\MiKTeX 2.9\tex\latex\base\t1enc.def"
File: t1enc.def 2005/09/27 v1.99g Standard LaTeX file
LaTeX Font Info:    Redeclaring font encoding T1 on input line 43.
)
LaTeX Font Info:    Try loading font information for T1+aer on input line 100.

("C:\Program Files\MiKTeX 2.9\tex\latex\ae\t1aer.fd"
File: t1aer.fd 1997/11/16 Font definitions for T1/aer.
)))
(C:\Users\JeeHyun\AppData\Roaming\MiKTeX\2.9\tex\latex\subfloat\subfloat.sty
Package: subfloat 2003/08/21 version 2.14

Package `subfloat', Version 2.14 of 2003/08/21.

Package subfloat Warning: Numbers of floats not counted:
(subfloat)                If you use one of the counters subfloatfiguremax or
(subfloat)                subfloattablemax you will get strange error messages
(subfloat)                containing \c@subfloatfiguremax or
(subfloat)                \c@subfloattablemax:
(subfloat)                Please switch on countmax or remove the code using
(subfloat)                the counter then..

) ("C:\Program Files\MiKTeX 2.9\tex\generic\oberdiek\ifpdf.sty"
Package: ifpdf 2010/01/28 v2.1 Provides the ifpdf switch (HO)
Package ifpdf Info: pdfTeX in pdf mode detected.
)
("C:\Program Files\MiKTeX 2.9\tex\latex\tools\multicol.sty"
Package: multicol 2008/12/05 v1.6h multicolumn formatting (FMi)
\c@tracingmulticols=\count109
\mult@box=\box30
\multicol@leftmargin=\dimen123
\c@unbalance=\count110
\c@collectmore=\count111
\doublecol@number=\count112
\multicoltolerance=\count113
\multicolpretolerance=\count114
\full@width=\dimen124
\page@free=\dimen125
\premulticols=\dimen126
\postmulticols=\dimen127
\multicolsep=\skip44
\multicolbaselineskip=\skip45
\partial@page=\box31
\last@line=\box32
\mult@rightbox=\box33
\mult@grightbox=\box34
\mult@gfirstbox=\box35
\mult@firstbox=\box36
\@tempa=\box37
\@tempa=\box38
\@tempa=\box39
\@tempa=\box40
\@tempa=\box41
\@tempa=\box42
\@tempa=\box43
\@tempa=\box44
\@tempa=\box45
\@tempa=\box46
\@tempa=\box47
\@tempa=\box48
\@tempa=\box49
\@tempa=\box50
\@tempa=\box51
\@tempa=\box52
\@tempa=\box53
\c@columnbadness=\count115
\c@finalcolumnbadness=\count116
\last@try=\dimen128
\multicolovershoot=\dimen129
\multicolundershoot=\dimen130
\mult@nat@firstbox=\box54
\colbreak@box=\box55
)
(C:\Users\JeeHyun\AppData\Roaming\MiKTeX\2.9\tex\latex\algorithms\algorithmic.s
ty
Package: algorithmic 2009/08/24 v0.1 Document Style `algorithmic'
 ("C:\Program Files\MiKTeX 2.9\tex\latex\base\ifthen.sty"
Package: ifthen 2001/05/26 v1.1c Standard LaTeX ifthen package (DPC)
)
\c@ALC@unique=\count117
\c@ALC@line=\count118
\c@ALC@rem=\count119
\c@ALC@depth=\count120
\ALC@tlm=\skip46
\algorithmicindent=\skip47
)
(C:\Users\JeeHyun\AppData\Roaming\MiKTeX\2.9\tex\latex\algorithms\algorithm.sty
Package: algorithm 2009/08/24 v0.1 Document Style `algorithm' - floating enviro
nment
("C:\Program Files\MiKTeX 2.9\tex\latex\float\float.sty"
Package: float 2001/11/08 v1.3d Float enhancements (AL)
\c@float@type=\count121
\float@exts=\toks36
\float@box=\box56
\@float@everytoks=\toks37
\@floatcapt=\box57
)
\@float@every@algorithm=\toks38
\c@algorithm=\count122
)
("C:\Program Files\MiKTeX 2.9\tex\latex\base\textcomp.sty"
Package: textcomp 2005/09/27 v1.99g Standard LaTeX package
Package textcomp Info: Sub-encoding information:
(textcomp)               5 = only ISO-Adobe without \textcurrency
(textcomp)               4 = 5 + \texteuro
(textcomp)               3 = 4 + \textohm
(textcomp)               2 = 3 + \textestimated + \textcurrency
(textcomp)               1 = TS1 - \textcircled - \t
(textcomp)               0 = TS1 (full)
(textcomp)             Font families with sub-encoding setting implement
(textcomp)             only a restricted character set as indicated.
(textcomp)             Family '?' is the default used for unknown fonts.
(textcomp)             See the documentation for details.
Package textcomp Info: Setting ? sub-encoding to TS1/1 on input line 71.

("C:\Program Files\MiKTeX 2.9\tex\latex\base\ts1enc.def"
File: ts1enc.def 2001/06/05 v3.0e (jk/car/fm) Standard LaTeX file
)
LaTeX Info: Redefining \oldstylenums on input line 266.
Package textcomp Info: Setting cmr sub-encoding to TS1/0 on input line 281.
Package textcomp Info: Setting cmss sub-encoding to TS1/0 on input line 282.
Package textcomp Info: Setting cmtt sub-encoding to TS1/0 on input line 283.
Package textcomp Info: Setting cmvtt sub-encoding to TS1/0 on input line 284.
Package textcomp Info: Setting cmbr sub-encoding to TS1/0 on input line 285.
Package textcomp Info: Setting cmtl sub-encoding to TS1/0 on input line 286.
Package textcomp Info: Setting ccr sub-encoding to TS1/0 on input line 287.
Package textcomp Info: Setting ptm sub-encoding to TS1/4 on input line 288.
Package textcomp Info: Setting pcr sub-encoding to TS1/4 on input line 289.
Package textcomp Info: Setting phv sub-encoding to TS1/4 on input line 290.
Package textcomp Info: Setting ppl sub-encoding to TS1/3 on input line 291.
Package textcomp Info: Setting pag sub-encoding to TS1/4 on input line 292.
Package textcomp Info: Setting pbk sub-encoding to TS1/4 on input line 293.
Package textcomp Info: Setting pnc sub-encoding to TS1/4 on input line 294.
Package textcomp Info: Setting pzc sub-encoding to TS1/4 on input line 295.
Package textcomp Info: Setting bch sub-encoding to TS1/4 on input line 296.
Package textcomp Info: Setting put sub-encoding to TS1/5 on input line 297.
Package textcomp Info: Setting uag sub-encoding to TS1/5 on input line 298.
Package textcomp Info: Setting ugq sub-encoding to TS1/5 on input line 299.
Package textcomp Info: Setting ul8 sub-encoding to TS1/4 on input line 300.
Package textcomp Info: Setting ul9 sub-encoding to TS1/4 on input line 301.
Package textcomp Info: Setting augie sub-encoding to TS1/5 on input line 302.
Package textcomp Info: Setting dayrom sub-encoding to TS1/3 on input line 303.
Package textcomp Info: Setting dayroms sub-encoding to TS1/3 on input line 304.

Package textcomp Info: Setting pxr sub-encoding to TS1/0 on input line 305.
Package textcomp Info: Setting pxss sub-encoding to TS1/0 on input line 306.
Package textcomp Info: Setting pxtt sub-encoding to TS1/0 on input line 307.
Package textcomp Info: Setting txr sub-encoding to TS1/0 on input line 308.
Package textcomp Info: Setting txss sub-encoding to TS1/0 on input line 309.
Package textcomp Info: Setting txtt sub-encoding to TS1/0 on input line 310.
Package textcomp Info: Setting futs sub-encoding to TS1/4 on input line 311.
Package textcomp Info: Setting futx sub-encoding to TS1/4 on input line 312.
Package textcomp Info: Setting futj sub-encoding to TS1/4 on input line 313.
Package textcomp Info: Setting hlh sub-encoding to TS1/3 on input line 314.
Package textcomp Info: Setting hls sub-encoding to TS1/3 on input line 315.
Package textcomp Info: Setting hlst sub-encoding to TS1/3 on input line 316.
Package textcomp Info: Setting hlct sub-encoding to TS1/5 on input line 317.
Package textcomp Info: Setting hlx sub-encoding to TS1/5 on input line 318.
Package textcomp Info: Setting hlce sub-encoding to TS1/5 on input line 319.
Package textcomp Info: Setting hlcn sub-encoding to TS1/5 on input line 320.
Package textcomp Info: Setting hlcw sub-encoding to TS1/5 on input line 321.
Package textcomp Info: Setting hlcf sub-encoding to TS1/5 on input line 322.
Package textcomp Info: Setting pplx sub-encoding to TS1/3 on input line 323.
Package textcomp Info: Setting pplj sub-encoding to TS1/3 on input line 324.
Package textcomp Info: Setting ptmx sub-encoding to TS1/4 on input line 325.
Package textcomp Info: Setting ptmj sub-encoding to TS1/4 on input line 326.
)
(C:\Users\JeeHyun\AppData\Roaming\MiKTeX\2.9\tex\latex\listings\listings.sty
\lst@mode=\count123
\lst@gtempboxa=\box58
\lst@token=\toks39
\lst@length=\count124
\lst@currlwidth=\dimen131
\lst@column=\count125
\lst@pos=\count126
\lst@lostspace=\dimen132
\lst@width=\dimen133
\lst@newlines=\count127
\lst@lineno=\count128
\abovecaptionskip=\skip48
\belowcaptionskip=\skip49
\lst@maxwidth=\dimen134

(C:\Users\JeeHyun\AppData\Roaming\MiKTeX\2.9\tex\latex\listings\lstmisc.sty
File: lstmisc.sty 2007/02/22 1.4 (Carsten Heinz)
\c@lstnumber=\count129
\lst@skipnumbers=\count130
\lst@framebox=\box59
)
(C:\Users\JeeHyun\AppData\Roaming\MiKTeX\2.9\tex\latex\listings\listings.cfg
File: listings.cfg 2007/02/22 1.4 listings configuration
))
Package: listings 2007/02/22 1.4 (Carsten Heinz)

(C:\Users\JeeHyun\AppData\Roaming\MiKTeX\2.9\tex\latex\xcolor\xcolor.sty
Package: xcolor 2007/01/21 v2.11 LaTeX color extensions (UK)

("C:\Program Files\MiKTeX 2.9\tex\latex\00miktex\color.cfg"
File: color.cfg 2007/01/18 v1.5 color configuration of teTeX/TeXLive
)
Package xcolor Info: Driver file: pdftex.def on input line 225.

(C:\Users\JeeHyun\AppData\Roaming\MiKTeX\2.9\tex\latex\colortbl\colortbl.sty
Package: colortbl 2001/02/13 v0.1j Color table columns (DPC)

("C:\Program Files\MiKTeX 2.9\tex\latex\tools\array.sty"
Package: array 2008/09/09 v2.4c Tabular extension package (FMi)
\col@sep=\dimen135
\extrarowheight=\dimen136
\NC@list=\toks40
\extratabsurround=\skip50
\backup@length=\skip51
)
\everycr=\toks41
\minrowclearance=\skip52
)
\rownum=\count131
Package xcolor Info: Model `cmy' substituted by `cmy0' on input line 1337.
Package xcolor Info: Model `hsb' substituted by `rgb' on input line 1341.
Package xcolor Info: Model `RGB' extended on input line 1353.
Package xcolor Info: Model `HTML' substituted by `rgb' on input line 1355.
Package xcolor Info: Model `Hsb' substituted by `hsb' on input line 1356.
Package xcolor Info: Model `tHsb' substituted by `hsb' on input line 1357.
Package xcolor Info: Model `HSB' substituted by `hsb' on input line 1358.
Package xcolor Info: Model `Gray' substituted by `gray' on input line 1359.
Package xcolor Info: Model `wave' substituted by `hsb' on input line 1360.
)
(C:\Users\JeeHyun\AppData\Roaming\MiKTeX\2.9\tex\latex\subfig\subfig.sty
Package: subfig 2005/06/28 ver: 1.3 subfig package

(C:\Users\JeeHyun\AppData\Roaming\MiKTeX\2.9\tex\latex\caption\caption3.sty
Package: caption3 2010/01/14 v3.1m caption3 kernel (AR)
\captionmargin=\dimen137
\captionmargin@=\dimen138
\captionwidth=\dimen139
\caption@indent=\dimen140
\caption@parindent=\dimen141
\caption@hangindent=\dimen142
Package caption Info: Unknown document class (or package),
(caption)             standard defaults will be used on input line 1084.
)
\c@KVtest=\count132
\sf@farskip=\skip53
\sf@captopadj=\dimen143
\sf@capskip=\skip54
\sf@nearskip=\skip55
\c@subfigure=\count133
\c@subfigure@save=\count134
\c@lofdepth=\count135
\c@subtable=\count136
\c@subtable@save=\count137
\c@lotdepth=\count138
\sf@top=\skip56
\sf@bottom=\skip57
)
("C:\Users\JeeHyun\Desktop\Working Papers\ICPE\icpe-2012-revision2\ICPE 2012.au
x")
LaTeX Font Info:    Checking defaults for OML/cmm/m/it on input line 53.
LaTeX Font Info:    ... okay on input line 53.
LaTeX Font Info:    Checking defaults for T1/cmr/m/n on input line 53.
LaTeX Font Info:    ... okay on input line 53.
LaTeX Font Info:    Checking defaults for OT1/cmr/m/n on input line 53.
LaTeX Font Info:    ... okay on input line 53.
LaTeX Font Info:    Checking defaults for OMS/cmsy/m/n on input line 53.
LaTeX Font Info:    ... okay on input line 53.
LaTeX Font Info:    Checking defaults for OMX/cmex/m/n on input line 53.
LaTeX Font Info:    ... okay on input line 53.
LaTeX Font Info:    Checking defaults for U/cmr/m/n on input line 53.
LaTeX Font Info:    ... okay on input line 53.
LaTeX Font Info:    Checking defaults for TS1/cmr/m/n on input line 53.
LaTeX Font Info:    Try loading font information for TS1+cmr on input line 53.
 ("C:\Program Files\MiKTeX 2.9\tex\latex\base\ts1cmr.fd"
File: ts1cmr.fd 1999/05/25 v2.5h Standard LaTeX font definitions
)
LaTeX Font Info:    ... okay on input line 53.

(C:\Users\JeeHyun\AppData\Roaming\MiKTeX\2.9\tex\context\base\supp-pdf.mkii
[Loading MPS to PDF converter (version 2006.09.02).]
\scratchcounter=\count139
\scratchdimen=\dimen144
\scratchbox=\box60
\nofMPsegments=\count140
\nofMParguments=\count141
\everyMPshowfont=\toks42
\MPscratchCnt=\count142
\MPscratchDim=\dimen145
\MPnumerator=\count143
\makeMPintoPDFobject=\count144
\everyMPtoPDFconversion=\toks43
)
\c@lstlisting=\count145
Package caption Info: Begin \AtBeginDocument code.
Package caption3 Info: subfig package 1.2 or 1.3 is loaded.
LaTeX Info: Redefining \subref on input line 53.
Package caption Info: End \AtBeginDocument code.
LaTeX Font Info:    Try loading font information for U+msa on input line 139.
 ("C:\Program Files\MiKTeX 2.9\tex\latex\amsfonts\umsa.fd"
File: umsa.fd 2009/06/22 v3.00 AMS symbols A
)
LaTeX Font Info:    Try loading font information for U+msb on input line 139.

("C:\Program Files\MiKTeX 2.9\tex\latex\amsfonts\umsb.fd"
File: umsb.fd 2009/06/22 v3.00 AMS symbols B
)
LaTeX Font Info:    Try loading font information for U+lasy on input line 139.

("C:\Program Files\MiKTeX 2.9\tex\latex\base\ulasy.fd"
File: ulasy.fd 1998/08/17 v2.2e LaTeX symbol font definitions
)
("C:\Users\JeeHyun\Desktop\Working Papers\ICPE\icpe-2012-revision2\background.t
ex" <business-logic.pdf, id=1, 651.43375pt x 597.23125pt>
File: business-logic.pdf Graphic file (type pdf)

<use business-logic.pdf>
Overfull \hbox (16.07596pt too wide) in paragraph at lines 29--30
 [] 
 []


LaTeX Warning: `!h' float specifier changed to `!ht'.

<model.pdf, id=2, 796.9775pt x 597.23125pt>
File: model.pdf Graphic file (type pdf)
 <use model.pdf>
Overfull \hbox (1.84344pt too wide) in paragraph at lines 41--42
 [] 
 []

[1{C:/Users/JeeHyun/AppData/Local/MiKTeX/2.9/pdftex/config/pdftex.map}


]
<xacml.pdf, id=11, 1011.78pt x 886.31125pt>
File: xacml.pdf Graphic file (type pdf)
 <use xacml.pdf>
Overfull \hbox (4.69386pt too wide) in paragraph at lines 77--78
 [] 
 []

[2 <C:/Users/JeeHyun/Desktop/Working Papers/ICPE/icpe-2012-revision2/business-l
ogic.pdf> <C:/Users/JeeHyun/Desktop/Working Papers/ICPE/icpe-2012-revision2/mod
el.pdf> <C:/Users/JeeHyun/Desktop/Working Papers/ICPE/icpe-2012-revision2/xacml
.pdf>])
("C:\Users\JeeHyun\Desktop\Working Papers\ICPE\icpe-2012-revision2\approach.tex
" <requestevaluation.pdf, id=76, 433.62pt x 433.62pt>
File: requestevaluation.pdf Graphic file (type pdf)

<use requestevaluation.pdf>

LaTeX Warning: `!h' float specifier changed to `!ht'.

<Overall-process.pdf, id=77, 579.16376pt x 524.96124pt>
File: Overall-process.pdf Graphic file (type pdf)

<use Overall-process.pdf>
Overfull \hbox (1.85081pt too wide) in paragraph at lines 66--67
 [] 
 []

[3]

LaTeX Warning: `!h' float specifier changed to `!ht'.


Overfull \hbox (1.57167pt too wide) in paragraph at lines 78--83
\T1/aer/m/n/9 ture, if they en-cap-su-late the fol-low-ing el-e-ments $\OMS/cms
y/m/n/9 h\OML/cmm/m/it/9 Resou\T1/aer/m/n/9 -
 []


Overfull \hbox (3.4907pt too wide) in paragraph at lines 86--88
[]\T1/aer/m/n/9 In XACML, poli-cies and re-quests could be multi-valued.
 []

<splitting.pdf, id=89, 723.70375pt x 669.50125pt>
File: splitting.pdf Graphic file (type pdf)
 <use splitting.pdf>
Overfull \hbox (1.84871pt too wide) in paragraph at lines 91--92
 [] 
 []

<xacml-match.pdf, id=90, 758.835pt x 289.08pt>
File: xacml-match.pdf Graphic file (type pdf)
 <use xacml-match.pdf>
Overfull \hbox (16.0784pt too wide) in paragraph at lines 100--101
 [] 
 []


LaTeX Warning: `!h' float specifier changed to `!ht'.


Overfull \hbox (11.30214pt too wide) in paragraph at lines 108--108
[]\secfnt Architecture Model Preser-va-tion: PEP-PDP
 []

[4 <C:/Users/JeeHyun/Desktop/Working Papers/ICPE/icpe-2012-revision2/requesteva
luation.pdf> <C:/Users/JeeHyun/Desktop/Working Papers/ICPE/icpe-2012-revision2/
Overall-process.pdf> <C:/Users/JeeHyun/Desktop/Working Papers/ICPE/icpe-2012-re
vision2/splitting.pdf>] <PEPExample.pdf, id=142, 579.16376pt x 380.42125pt>
File: PEPExample.pdf Graphic file (type pdf)

<use PEPExample.pdf>)
("C:\Users\JeeHyun\Desktop\Working Papers\ICPE\icpe-2012-revision2\experiment.t
ex"
Overfull \hbox (5.74002pt too wide) in paragraph at lines 17--20
[]\T1/aer/m/n/9 ASMS (Auc-tion Sale Man-age-ment Sys-tem): al-lows users
 []

[5 <C:/Users/JeeHyun/Desktop/Working Papers/ICPE/icpe-2012-revision2/xacml-matc
h.pdf> <C:/Users/JeeHyun/Desktop/Working Papers/ICPE/icpe-2012-revision2/PEPExa
mple.pdf>] <LMS.pdf, id=163, 290.08376pt x 235.88126pt>
File: LMS.pdf Graphic file (type pdf)
 <use LMS.pdf>
<VMS.pdf, id=164, 290.08376pt x 235.88126pt>
File: VMS.pdf Graphic file (type pdf)
 <use VMS.pdf>
<ASMS.pdf, id=165, 290.08376pt x 235.88126pt>
File: ASMS.pdf Graphic file (type pdf)
 <use ASMS.pdf>
<pdpnumber.pdf, id=166, 796.9775pt x 597.23125pt>
File: pdpnumber.pdf Graphic file (type pdf)
 <use pdpnumber.pdf>
Overfull \hbox (1.84344pt too wide) in paragraph at lines 68--69
 [][] 
 []

[6 <C:/Users/JeeHyun/Desktop/Working Papers/ICPE/icpe-2012-revision2/pdpnumber.
pdf>]
Overfull \hbox (8.67848pt too wide) in paragraph at lines 104--138
 [][] 
 []


Overfull \hbox (11.12827pt too wide) in paragraph at lines 144--180
 [][] 
 []


Overfull \hbox (11.12827pt too wide) in paragraph at lines 184--218
 [][] 
 []


Underfull \hbox (badness 10000) in paragraph at lines 221--223

 []

) ("C:\Users\JeeHyun\Desktop\Working Papers\ICPE\icpe-2012-revision2\related.te
x" [7 <C:/Users/JeeHyun/Desktop/Working Papers/ICPE/icpe-2012-revision2/LMS.pdf
> <C:/Users/JeeHyun/Desktop/Working Papers/ICPE/icpe-2012-revision2/VMS.pdf> <C
:/Users/JeeHyun/Desktop/Working Papers/ICPE/icpe-2012-revision2/ASMS.pdf>])
("C:\Users\JeeHyun\Desktop\Working Papers\ICPE\icpe-2012-revision2\conclusion.t
ex")
("C:\Users\JeeHyun\Desktop\Working Papers\ICPE\icpe-2012-revision2\ICPE 2012.bb
l" [8]
Underfull \vbox (badness 10000) has occurred while \output is active []

) [9]
("C:\Users\JeeHyun\Desktop\Working Papers\ICPE\icpe-2012-revision2\ICPE 2012.au
x") ) 
Here is how much of TeX's memory you used:
 5650 strings out of 494053
 77785 string characters out of 3148597
 172739 words of memory out of 3000000
 8794 multiletter control sequences out of 15000+200000
 61544 words of font info for 89 fonts, out of 3000000 for 9000
 715 hyphenation exceptions out of 8191
 41i,13n,45p,330b,354s stack positions out of 5000i,500n,10000p,200000b,50000s
{C:/Program Files/MiKTeX 2.9/fonts/enc/dvips/fontname/8r.enc}<C:/Users/Jee
Hyun/AppData/Roaming/MiKTeX/2.9/fonts/type1/bitstrea/charter/bchr8a.pfb><C:/Pro
gram Files/MiKTeX 2.9/fonts/type1/public/amsfonts/cm/cmbx7.pfb><C:/Program File
s/MiKTeX 2.9/fonts/type1/public/amsfonts/cm/cmbx8.pfb><C:/Program Files/MiKTeX 
2.9/fonts/type1/public/amsfonts/cm/cmbx9.pfb><C:/Program Files/MiKTeX 2.9/fonts
/type1/public/amsfonts/cm/cmmi5.pfb><C:/Program Files/MiKTeX 2.9/fonts/type1/pu
blic/amsfonts/cm/cmmi6.pfb><C:/Program Files/MiKTeX 2.9/fonts/type1/public/amsf
onts/cm/cmmi8.pfb><C:/Program Files/MiKTeX 2.9/fonts/type1/public/amsfonts/cm/c
mmi9.pfb><C:/Program Files/MiKTeX 2.9/fonts/type1/public/amsfonts/cm/cmr6.pfb><
C:/Program Files/MiKTeX 2.9/fonts/type1/public/amsfonts/cm/cmr7.pfb><C:/Program
 Files/MiKTeX 2.9/fonts/type1/public/amsfonts/cm/cmr9.pfb><C:/Program Files/MiK
TeX 2.9/fonts/type1/public/amsfonts/cm/cmsy5.pfb><C:/Program Files/MiKTeX 2.9/f
onts/type1/public/amsfonts/cm/cmsy8.pfb><C:/Program Files/MiKTeX 2.9/fonts/type
1/public/amsfonts/cm/cmsy9.pfb><C:/Program Files/MiKTeX 2.9/fonts/type1/public/
amsfonts/cm/cmti9.pfb><C:/Program Files/MiKTeX 2.9/fonts/type1/urw/helvetic/uhv
b8a.pfb><C:/Program Files/MiKTeX 2.9/fonts/type1/urw/helvetic/uhvr8a.pfb><C:/Pr
ogram Files/MiKTeX 2.9/fonts/type1/urw/times/utmb8a.pfb><C:/Program Files/MiKTe
X 2.9/fonts/type1/urw/times/utmri8a.pfb>
Output written on "ICPE 2012.pdf" (9 pages, 823686 bytes).
PDF statistics:
 291 PDF objects out of 1000 (max. 8388607)
 0 named destinations out of 1000 (max. 500000)
 61 words of extra memory for PDF output out of 10000 (max. 10000000)

